Using pre-set license
Built from '2020.3/release' branch; Version is '2020.3.7f1 (dd97f2c94397) revision 14522354'; Using compiler version '192528614'; Build Type 'Release'
OS: 'Windows 10 Home; OS build 19042.1110; Version 2009; 64bit' Language: 'ja' Physical Memory: 7939 MB
BatchMode: 1, IsHumanControllingUs: 0, StartBugReporterOnCrash: 0, Is64bit: 1, IsPro: 0

 COMMAND LINE ARGUMENTS:
C:\Program Files\Unity\Hub\Editor\2020.3.7f1\Editor\Unity.exe
-adb2
-batchMode
-noUpm
-name
AssetImportWorker3
-projectPath
C:/Users/coop/Desktop/unity_date/Warp
-logFile
Logs/AssetImportWorker3.log
-srvPort
52868
Successfully changed project path to: C:/Users/coop/Desktop/unity_date/Warp
C:/Users/coop/Desktop/unity_date/Warp
Using Asset Import Pipeline V2.
Refreshing native plugins compatible for Editor in 378.64 ms, found 1 plugins.
Preloading 0 native plugins for Editor in 0.00 ms.
Initialize engine version: 2020.3.7f1 (dd97f2c94397)
[Subsystems] Discovering subsystems at path C:/Program Files/Unity/Hub/Editor/2020.3.7f1/Editor/Data/Resources/UnitySubsystems
[Subsystems] Discovering subsystems at path C:/Users/coop/Desktop/unity_date/Warp/Assets
GfxDevice: creating device client; threaded=0
Direct3D:
    Version:  Direct3D 11.0 [level 11.1]
    Renderer: Intel(R) UHD Graphics 620 (ID=0x3ea0)
    Vendor:   
    VRAM:     3969 MB
    Driver:   24.20.100.6292
Initialize mono
Mono path[0] = 'C:/Program Files/Unity/Hub/Editor/2020.3.7f1/Editor/Data/Managed'
Mono path[1] = 'C:/Program Files/Unity/Hub/Editor/2020.3.7f1/Editor/Data/MonoBleedingEdge/lib/mono/unityjit'
Mono config path = 'C:/Program Files/Unity/Hub/Editor/2020.3.7f1/Editor/Data/MonoBleedingEdge/etc'
Using monoOptions --debugger-agent=transport=dt_socket,embedding=1,server=y,suspend=n,address=127.0.0.1:56348
Begin MonoManager ReloadAssembly
Registering precompiled unity dll's ...
Register platform support module: C:/Program Files/Unity/Hub/Editor/2020.3.7f1/Editor/Data/PlaybackEngines/WindowsStandaloneSupport/UnityEditor.WindowsStandalone.Extensions.dll
Registered in 0.004605 seconds.
Native extension for WindowsStandalone target not found
Refreshing native plugins compatible for Editor in 148.61 ms, found 1 plugins.
Preloading 0 native plugins for Editor in 0.00 ms.
Mono: successfully reloaded assembly
- Completed reload, in  3.714 seconds
Platform modules already initialized, skipping
Registering precompiled user dll's ...
Registered in 0.003217 seconds.
Begin MonoManager ReloadAssembly
Native extension for WindowsStandalone target not found
Refreshing native plugins compatible for Editor in 158.51 ms, found 1 plugins.
Preloading 0 native plugins for Editor in 0.00 ms.
Mono: successfully reloaded assembly
- Completed reload, in  3.048 seconds
Platform modules already initialized, skipping
========================================================================
Worker process is ready to serve import requests
Launched and connected shader compiler UnityShaderCompiler.exe after 0.48 seconds
Refreshing native plugins compatible for Editor in 3.22 ms, found 1 plugins.
Preloading 0 native plugins for Editor in 0.00 ms.
Unloading 1846 Unused Serialized files (Serialized files now loaded: 0)
System memory in use before: 88.8 MB.
System memory in use after: 88.7 MB.

Unloading 23 unused Assets to reduce memory usage. Loaded Objects now: 2292.
Total: 6.581300 ms (FindLiveObjects: 0.861700 ms CreateObjectMapping: 0.412700 ms MarkObjects: 4.976700 ms  DeleteObjects: 0.327500 ms)

========================================================================
Received Import Request.
  path: Assets/Scripts/Players/TimeShower.cs
  artifactKey: Guid(e895eb1d416774d4a86db69119ebffd2) Importer(815301076,1909f56bfc062723c751e8b465ee728b)
Start importing Assets/Scripts/Players/TimeShower.cs using Guid(e895eb1d416774d4a86db69119ebffd2) Importer(815301076,1909f56bfc062723c751e8b465ee728b)  -> (artifact id: 'd7734f6a8331e061a4dc1d5d1292ebe7') in 0.324807 seconds
  Import took 0.340751 seconds .

========================================================================
Received Import Request.
  Time since last request: 9.131388 seconds.
  path: Assets/Scripts/Players/DeathCountShower.cs
  artifactKey: Guid(c1a85e177eb90ee40ace12943d7e77f5) Importer(815301076,1909f56bfc062723c751e8b465ee728b)
Start importing Assets/Scripts/Players/DeathCountShower.cs using Guid(c1a85e177eb90ee40ace12943d7e77f5) Importer(815301076,1909f56bfc062723c751e8b465ee728b)  -> (artifact id: 'e299d1b8c47f1e65bc0db77779ab7904') in 0.040173 seconds
  Import took 0.057546 seconds .

========================================================================
Received Import Request.
  Time since last request: 0.042860 seconds.
  path: Assets/Scripts/Players/DeathCountShower.cs
  artifactKey: Guid(c1a85e177eb90ee40ace12943d7e77f5) Importer(815301076,1909f56bfc062723c751e8b465ee728b)
Start importing Assets/Scripts/Players/DeathCountShower.cs using Guid(c1a85e177eb90ee40ace12943d7e77f5) Importer(815301076,1909f56bfc062723c751e8b465ee728b)  -> (artifact id: 'e299d1b8c47f1e65bc0db77779ab7904') in 0.048259 seconds
  Import took 0.065199 seconds .

========================================================================
Received Prepare
Registering precompiled user dll's ...
Registered in 0.003789 seconds.
Begin MonoManager ReloadAssembly
Native extension for WindowsStandalone target not found
Refreshing native plugins compatible for Editor in 1.73 ms, found 1 plugins.
Preloading 0 native plugins for Editor in 0.00 ms.
Mono: successfully reloaded assembly
- Completed reload, in  2.895 seconds
Platform modules already initialized, skipping
Refreshing native plugins compatible for Editor in 1.62 ms, found 1 plugins.
Preloading 0 native plugins for Editor in 0.00 ms.
Unloading 1841 Unused Serialized files (Serialized files now loaded: 0)
System memory in use before: 88.7 MB.
System memory in use after: 88.7 MB.

Unloading 11 unused Assets to reduce memory usage. Loaded Objects now: 2296.
Total: 4.514300 ms (FindLiveObjects: 0.484600 ms CreateObjectMapping: 0.230600 ms MarkObjects: 3.593800 ms  DeleteObjects: 0.200100 ms)

========================================================================
Received Prepare
Registering precompiled user dll's ...
Registered in 0.002919 seconds.
Begin MonoManager ReloadAssembly
Native extension for WindowsStandalone target not found
Refreshing native plugins compatible for Editor in 1.37 ms, found 1 plugins.
Preloading 0 native plugins for Editor in 0.00 ms.
Mono: successfully reloaded assembly
- Completed reload, in  2.137 seconds
Platform modules already initialized, skipping
Refreshing native plugins compatible for Editor in 1.84 ms, found 1 plugins.
Preloading 0 native plugins for Editor in 0.00 ms.
Unloading 1841 Unused Serialized files (Serialized files now loaded: 0)
System memory in use before: 88.7 MB.
System memory in use after: 88.7 MB.

Unloading 11 unused Assets to reduce memory usage. Loaded Objects now: 2299.
Total: 5.799300 ms (FindLiveObjects: 0.489800 ms CreateObjectMapping: 0.203600 ms MarkObjects: 4.852000 ms  DeleteObjects: 0.250800 ms)

========================================================================
Received Import Request.
  Time since last request: 561.071735 seconds.
  path: Assets/Scripts/Players/TimeShower.cs
  artifactKey: Guid(e895eb1d416774d4a86db69119ebffd2) Importer(815301076,1909f56bfc062723c751e8b465ee728b)
Start importing Assets/Scripts/Players/TimeShower.cs using Guid(e895eb1d416774d4a86db69119ebffd2) Importer(815301076,1909f56bfc062723c751e8b465ee728b)  -> (artifact id: 'fbe79d47d0f25c8d9773bbb14f6e5afb') in 0.039636 seconds
  Import took 0.054656 seconds .

========================================================================
Received Prepare
Registering precompiled user dll's ...
Registered in 0.002420 seconds.
Begin MonoManager ReloadAssembly
Native extension for WindowsStandalone target not found
Refreshing native plugins compatible for Editor in 2.24 ms, found 1 plugins.
Preloading 0 native plugins for Editor in 0.00 ms.
Mono: successfully reloaded assembly
- Completed reload, in  2.686 seconds
Platform modules already initialized, skipping
Refreshing native plugins compatible for Editor in 1.62 ms, found 1 plugins.
Preloading 0 native plugins for Editor in 0.00 ms.
Unloading 1841 Unused Serialized files (Serialized files now loaded: 0)
System memory in use before: 88.8 MB.
System memory in use after: 88.7 MB.

Unloading 11 unused Assets to reduce memory usage. Loaded Objects now: 2302.
Total: 4.478500 ms (FindLiveObjects: 0.528000 ms CreateObjectMapping: 0.166500 ms MarkObjects: 3.571600 ms  DeleteObjects: 0.210000 ms)

========================================================================
Received Prepare
Registering precompiled user dll's ...
Registered in 0.002670 seconds.
Begin MonoManager ReloadAssembly
Native extension for WindowsStandalone target not found
Refreshing native plugins compatible for Editor in 1.26 ms, found 1 plugins.
Preloading 0 native plugins for Editor in 0.00 ms.
Mono: successfully reloaded assembly
- Completed reload, in  2.537 seconds
Platform modules already initialized, skipping
Refreshing native plugins compatible for Editor in 1.58 ms, found 1 plugins.
Preloading 0 native plugins for Editor in 0.00 ms.
Unloading 1841 Unused Serialized files (Serialized files now loaded: 0)
System memory in use before: 88.8 MB.
System memory in use after: 88.8 MB.

Unloading 11 unused Assets to reduce memory usage. Loaded Objects now: 2305.
Total: 4.530000 ms (FindLiveObjects: 0.375800 ms CreateObjectMapping: 0.130700 ms MarkObjects: 3.797700 ms  DeleteObjects: 0.222600 ms)

========================================================================
Received Prepare
Registering precompiled user dll's ...
Registered in 0.002958 seconds.
Begin MonoManager ReloadAssembly
Native extension for WindowsStandalone target not found
Refreshing native plugins compatible for Editor in 2.19 ms, found 1 plugins.
Preloading 0 native plugins for Editor in 0.00 ms.
Mono: successfully reloaded assembly
- Completed reload, in  2.484 seconds
Platform modules already initialized, skipping
Refreshing native plugins compatible for Editor in 1.55 ms, found 1 plugins.
Preloading 0 native plugins for Editor in 0.00 ms.
Unloading 1841 Unused Serialized files (Serialized files now loaded: 0)
System memory in use before: 88.8 MB.
System memory in use after: 88.8 MB.

Unloading 11 unused Assets to reduce memory usage. Loaded Objects now: 2308.
Total: 6.219300 ms (FindLiveObjects: 0.486100 ms CreateObjectMapping: 0.197300 ms MarkObjects: 5.270400 ms  DeleteObjects: 0.262400 ms)

========================================================================
Received Prepare
Registering precompiled user dll's ...
Registered in 0.003724 seconds.
Begin MonoManager ReloadAssembly
Native extension for WindowsStandalone target not found
Refreshing native plugins compatible for Editor in 1.15 ms, found 1 plugins.
Preloading 0 native plugins for Editor in 0.00 ms.
Mono: successfully reloaded assembly
- Completed reload, in  3.015 seconds
Platform modules already initialized, skipping
Refreshing native plugins compatible for Editor in 1.86 ms, found 1 plugins.
Preloading 0 native plugins for Editor in 0.00 ms.
Unloading 1841 Unused Serialized files (Serialized files now loaded: 0)
System memory in use before: 88.8 MB.
System memory in use after: 88.8 MB.

Unloading 11 unused Assets to reduce memory usage. Loaded Objects now: 2311.
Total: 4.424600 ms (FindLiveObjects: 0.434300 ms CreateObjectMapping: 0.201700 ms MarkObjects: 3.575500 ms  DeleteObjects: 0.210300 ms)

