Using pre-set license
Built from '2020.3/release' branch; Version is '2020.3.7f1 (dd97f2c94397) revision 14522354'; Using compiler version '192528614'; Build Type 'Release'
OS: 'Windows 10 Home; OS build 19042.1110; Version 2009; 64bit' Language: 'ja' Physical Memory: 7939 MB
BatchMode: 1, IsHumanControllingUs: 0, StartBugReporterOnCrash: 0, Is64bit: 1, IsPro: 0

 COMMAND LINE ARGUMENTS:
C:\Program Files\Unity\Hub\Editor\2020.3.7f1\Editor\Unity.exe
-adb2
-batchMode
-noUpm
-name
AssetImportWorker3
-projectPath
C:/Users/coop/Desktop/unity_date/Warp
-logFile
Logs/AssetImportWorker3.log
-srvPort
62794
Successfully changed project path to: C:/Users/coop/Desktop/unity_date/Warp
C:/Users/coop/Desktop/unity_date/Warp
Using Asset Import Pipeline V2.
Refreshing native plugins compatible for Editor in 166.26 ms, found 1 plugins.
Preloading 0 native plugins for Editor in 0.00 ms.
Initialize engine version: 2020.3.7f1 (dd97f2c94397)
[Subsystems] Discovering subsystems at path C:/Program Files/Unity/Hub/Editor/2020.3.7f1/Editor/Data/Resources/UnitySubsystems
[Subsystems] Discovering subsystems at path C:/Users/coop/Desktop/unity_date/Warp/Assets
GfxDevice: creating device client; threaded=0
Direct3D:
    Version:  Direct3D 11.0 [level 11.1]
    Renderer: Intel(R) UHD Graphics 620 (ID=0x3ea0)
    Vendor:   
    VRAM:     3969 MB
    Driver:   24.20.100.6292
Initialize mono
Mono path[0] = 'C:/Program Files/Unity/Hub/Editor/2020.3.7f1/Editor/Data/Managed'
Mono path[1] = 'C:/Program Files/Unity/Hub/Editor/2020.3.7f1/Editor/Data/MonoBleedingEdge/lib/mono/unityjit'
Mono config path = 'C:/Program Files/Unity/Hub/Editor/2020.3.7f1/Editor/Data/MonoBleedingEdge/etc'
Using monoOptions --debugger-agent=transport=dt_socket,embedding=1,server=y,suspend=n,address=127.0.0.1:56168
Begin MonoManager ReloadAssembly
Registering precompiled unity dll's ...
Register platform support module: C:/Program Files/Unity/Hub/Editor/2020.3.7f1/Editor/Data/PlaybackEngines/WindowsStandaloneSupport/UnityEditor.WindowsStandalone.Extensions.dll
Registered in 0.005741 seconds.
Native extension for WindowsStandalone target not found
Refreshing native plugins compatible for Editor in 158.03 ms, found 1 plugins.
Preloading 0 native plugins for Editor in 0.00 ms.
Mono: successfully reloaded assembly
- Completed reload, in  3.473 seconds
Platform modules already initialized, skipping
Registering precompiled user dll's ...
Registered in 0.002906 seconds.
Begin MonoManager ReloadAssembly
Native extension for WindowsStandalone target not found
Refreshing native plugins compatible for Editor in 154.26 ms, found 1 plugins.
Preloading 0 native plugins for Editor in 0.00 ms.
Mono: successfully reloaded assembly
- Completed reload, in  2.705 seconds
Platform modules already initialized, skipping
========================================================================
Worker process is ready to serve import requests
Launched and connected shader compiler UnityShaderCompiler.exe after 0.31 seconds
Refreshing native plugins compatible for Editor in 1.10 ms, found 1 plugins.
Preloading 0 native plugins for Editor in 0.00 ms.
Unloading 1852 Unused Serialized files (Serialized files now loaded: 0)
System memory in use before: 88.9 MB.
System memory in use after: 88.8 MB.

Unloading 23 unused Assets to reduce memory usage. Loaded Objects now: 2298.
Total: 3.574900 ms (FindLiveObjects: 0.300500 ms CreateObjectMapping: 0.139400 ms MarkObjects: 2.932200 ms  DeleteObjects: 0.201100 ms)

========================================================================
Received Import Request.
  path: Assets/Resources/Audio/BGM/laststage.mp3
  artifactKey: Guid(6696acecb8a832345b7ba64cb66cd574) Importer(815301076,1909f56bfc062723c751e8b465ee728b)
Start importing Assets/Resources/Audio/BGM/laststage.mp3 using Guid(6696acecb8a832345b7ba64cb66cd574) Importer(815301076,1909f56bfc062723c751e8b465ee728b)  -> (artifact id: '96f91c1b7b3e88d4be2eb86c5d088b13') in 0.378202 seconds
  Import took 0.393920 seconds .

========================================================================
Received Import Request.
  Time since last request: 15.268657 seconds.
  path: Assets/Resources/Audio/BGM/end.mp3
  artifactKey: Guid(d7ecc5089c5abd7468f5aace4c74a77d) Importer(815301076,1909f56bfc062723c751e8b465ee728b)
Start importing Assets/Resources/Audio/BGM/end.mp3 using Guid(d7ecc5089c5abd7468f5aace4c74a77d) Importer(815301076,1909f56bfc062723c751e8b465ee728b)  -> (artifact id: '5695900268dca458b22df605acf225bc') in 0.037998 seconds
  Import took 0.052375 seconds .

========================================================================
Received Import Request.
  Time since last request: 10.509367 seconds.
  path: Assets/Resources/Audio/BGM/normalstage.mp3
  artifactKey: Guid(5eae0115668273449a310f93f8813b4f) Importer(815301076,1909f56bfc062723c751e8b465ee728b)
Start importing Assets/Resources/Audio/BGM/normalstage.mp3 using Guid(5eae0115668273449a310f93f8813b4f) Importer(815301076,1909f56bfc062723c751e8b465ee728b)  -> (artifact id: '12e8dcc9584527ce7462385311dcccfd') in 0.032730 seconds
  Import took 0.045887 seconds .

========================================================================
Received Import Request.
  Time since last request: 12.799182 seconds.
  path: Assets/Scripts/Players/TowerManager.cs
  artifactKey: Guid(fdfdf1a84fa1f404ab633f4aea21c567) Importer(815301076,1909f56bfc062723c751e8b465ee728b)
Start importing Assets/Scripts/Players/TowerManager.cs using Guid(fdfdf1a84fa1f404ab633f4aea21c567) Importer(815301076,1909f56bfc062723c751e8b465ee728b)  -> (artifact id: '021fc0d9513fdf519ecea6f9892fd5ce') in 0.052661 seconds
  Import took 0.064940 seconds .

========================================================================
Received Import Request.
  Time since last request: 4.810984 seconds.
  path: Assets/Scripts/Players/TowerManager.cs
  artifactKey: Guid(fdfdf1a84fa1f404ab633f4aea21c567) Importer(815301076,1909f56bfc062723c751e8b465ee728b)
Start importing Assets/Scripts/Players/TowerManager.cs using Guid(fdfdf1a84fa1f404ab633f4aea21c567) Importer(815301076,1909f56bfc062723c751e8b465ee728b)  -> (artifact id: '021fc0d9513fdf519ecea6f9892fd5ce') in 0.010612 seconds
  Import took 0.030693 seconds .

========================================================================
Received Import Request.
  Time since last request: 53.375991 seconds.
  path: Assets/Scripts/Players/TowerAudio.cs
  artifactKey: Guid(3bedf72146b81da44b9050e298002203) Importer(815301076,1909f56bfc062723c751e8b465ee728b)
Start importing Assets/Scripts/Players/TowerAudio.cs using Guid(3bedf72146b81da44b9050e298002203) Importer(815301076,1909f56bfc062723c751e8b465ee728b)  -> (artifact id: '028191e2253c469916c5f6f25670eba4') in 0.030551 seconds
  Import took 0.089673 seconds .

========================================================================
Received Import Request.
  Time since last request: 0.022715 seconds.
  path: Assets/Scripts/Players/TowerAudio.cs
  artifactKey: Guid(3bedf72146b81da44b9050e298002203) Importer(815301076,1909f56bfc062723c751e8b465ee728b)
Start importing Assets/Scripts/Players/TowerAudio.cs using Guid(3bedf72146b81da44b9050e298002203) Importer(815301076,1909f56bfc062723c751e8b465ee728b)  -> (artifact id: '028191e2253c469916c5f6f25670eba4') in 0.024128 seconds
  Import took 0.034742 seconds .

========================================================================
Received Import Request.
  Time since last request: 131.914058 seconds.
  path: Assets/Scenes/Tower.unity
  artifactKey: Guid(6eac35875e6267a4ead36a9f6dbd71be) Importer(815301076,1909f56bfc062723c751e8b465ee728b)
Start importing Assets/Scenes/Tower.unity using Guid(6eac35875e6267a4ead36a9f6dbd71be) Importer(815301076,1909f56bfc062723c751e8b465ee728b)  -> (artifact id: '1346f3ce5890625e5f5f3cb40fc803c9') in 0.030827 seconds
  Import took 0.043038 seconds .

========================================================================
Received Prepare
Registering precompiled user dll's ...
Registered in 0.002906 seconds.
Begin MonoManager ReloadAssembly
Native extension for WindowsStandalone target not found
Refreshing native plugins compatible for Editor in 1.58 ms, found 1 plugins.
Preloading 0 native plugins for Editor in 0.00 ms.
Mono: successfully reloaded assembly
- Completed reload, in  2.883 seconds
Platform modules already initialized, skipping
Refreshing native plugins compatible for Editor in 1.90 ms, found 1 plugins.
Preloading 0 native plugins for Editor in 0.00 ms.
Unloading 1846 Unused Serialized files (Serialized files now loaded: 0)
System memory in use before: 91.9 MB.
System memory in use after: 91.8 MB.

Unloading 11 unused Assets to reduce memory usage. Loaded Objects now: 2310.
Total: 3.927400 ms (FindLiveObjects: 0.310300 ms CreateObjectMapping: 0.128800 ms MarkObjects: 3.277900 ms  DeleteObjects: 0.207400 ms)

========================================================================
Received Prepare
Registering precompiled user dll's ...
Registered in 0.002972 seconds.
Begin MonoManager ReloadAssembly
Native extension for WindowsStandalone target not found
Refreshing native plugins compatible for Editor in 1.16 ms, found 1 plugins.
Preloading 0 native plugins for Editor in 0.00 ms.
Mono: successfully reloaded assembly
- Completed reload, in  2.447 seconds
Platform modules already initialized, skipping
Refreshing native plugins compatible for Editor in 1.27 ms, found 1 plugins.
Preloading 0 native plugins for Editor in 0.00 ms.
Unloading 1846 Unused Serialized files (Serialized files now loaded: 0)
System memory in use before: 91.9 MB.
System memory in use after: 91.8 MB.

Unloading 11 unused Assets to reduce memory usage. Loaded Objects now: 2313.
Total: 4.586200 ms (FindLiveObjects: 0.497000 ms CreateObjectMapping: 0.182800 ms MarkObjects: 3.691100 ms  DeleteObjects: 0.211800 ms)

========================================================================
Received Prepare
Registering precompiled user dll's ...
Registered in 0.004905 seconds.
Begin MonoManager ReloadAssembly
Native extension for WindowsStandalone target not found
Refreshing native plugins compatible for Editor in 1.26 ms, found 1 plugins.
Preloading 0 native plugins for Editor in 0.00 ms.
Mono: successfully reloaded assembly
- Completed reload, in  2.893 seconds
Platform modules already initialized, skipping
Refreshing native plugins compatible for Editor in 1.57 ms, found 1 plugins.
Preloading 0 native plugins for Editor in 0.00 ms.
Unloading 1846 Unused Serialized files (Serialized files now loaded: 0)
System memory in use before: 91.9 MB.
System memory in use after: 91.9 MB.

Unloading 11 unused Assets to reduce memory usage. Loaded Objects now: 2316.
Total: 4.077300 ms (FindLiveObjects: 0.289000 ms CreateObjectMapping: 0.121700 ms MarkObjects: 3.435800 ms  DeleteObjects: 0.228800 ms)

========================================================================
Received Prepare
Registering precompiled user dll's ...
Registered in 0.002776 seconds.
Begin MonoManager ReloadAssembly
Native extension for WindowsStandalone target not found
Refreshing native plugins compatible for Editor in 1.29 ms, found 1 plugins.
Preloading 0 native plugins for Editor in 0.00 ms.
Mono: successfully reloaded assembly
- Completed reload, in  3.217 seconds
Platform modules already initialized, skipping
Refreshing native plugins compatible for Editor in 1.63 ms, found 1 plugins.
Preloading 0 native plugins for Editor in 0.00 ms.
Unloading 1846 Unused Serialized files (Serialized files now loaded: 0)
System memory in use before: 91.9 MB.
System memory in use after: 91.9 MB.

Unloading 11 unused Assets to reduce memory usage. Loaded Objects now: 2319.
Total: 3.588500 ms (FindLiveObjects: 0.245000 ms CreateObjectMapping: 0.098700 ms MarkObjects: 3.040900 ms  DeleteObjects: 0.201900 ms)

========================================================================
Received Import Request.
  Time since last request: 395.094099 seconds.
  path: Assets/Scenes/Opening.unity
  artifactKey: Guid(80b9aa75c34731a4290ca9d9b432600a) Importer(815301076,1909f56bfc062723c751e8b465ee728b)
Start importing Assets/Scenes/Opening.unity using Guid(80b9aa75c34731a4290ca9d9b432600a) Importer(815301076,1909f56bfc062723c751e8b465ee728b)  -> (artifact id: '29b3725fe2bbcad7618ea4bd3640b712') in 0.040308 seconds
  Import took 0.054136 seconds .

========================================================================
Received Prepare
Registering precompiled user dll's ...
Registered in 0.003497 seconds.
Begin MonoManager ReloadAssembly
Native extension for WindowsStandalone target not found
Refreshing native plugins compatible for Editor in 2.09 ms, found 1 plugins.
Preloading 0 native plugins for Editor in 0.00 ms.
Mono: successfully reloaded assembly
- Completed reload, in  3.370 seconds
Platform modules already initialized, skipping
Refreshing native plugins compatible for Editor in 1.93 ms, found 1 plugins.
Preloading 0 native plugins for Editor in 0.00 ms.
Unloading 1846 Unused Serialized files (Serialized files now loaded: 0)
System memory in use before: 91.9 MB.
System memory in use after: 91.9 MB.

Unloading 11 unused Assets to reduce memory usage. Loaded Objects now: 2322.
Total: 7.959400 ms (FindLiveObjects: 0.856800 ms CreateObjectMapping: 0.882700 ms MarkObjects: 5.939900 ms  DeleteObjects: 0.275900 ms)

========================================================================
Received Import Request.
  Time since last request: 182.835258 seconds.
  path: Assets/Scenes/Tower.unity
  artifactKey: Guid(6eac35875e6267a4ead36a9f6dbd71be) Importer(815301076,1909f56bfc062723c751e8b465ee728b)
Start importing Assets/Scenes/Tower.unity using Guid(6eac35875e6267a4ead36a9f6dbd71be) Importer(815301076,1909f56bfc062723c751e8b465ee728b)  -> (artifact id: '47347ba74f29ac3d2b3e8ae02139dd75') in 0.029312 seconds
  Import took 0.043351 seconds .

========================================================================
Received Prepare
Registering precompiled user dll's ...
Registered in 0.005206 seconds.
Begin MonoManager ReloadAssembly
Native extension for WindowsStandalone target not found
Refreshing native plugins compatible for Editor in 1.70 ms, found 1 plugins.
Preloading 0 native plugins for Editor in 0.00 ms.
Mono: successfully reloaded assembly
- Completed reload, in  3.658 seconds
Platform modules already initialized, skipping
Refreshing native plugins compatible for Editor in 1.25 ms, found 1 plugins.
Preloading 0 native plugins for Editor in 0.00 ms.
Unloading 1846 Unused Serialized files (Serialized files now loaded: 0)
System memory in use before: 91.9 MB.
System memory in use after: 91.9 MB.

Unloading 11 unused Assets to reduce memory usage. Loaded Objects now: 2325.
Total: 6.827300 ms (FindLiveObjects: 1.641300 ms CreateObjectMapping: 0.269500 ms MarkObjects: 4.596000 ms  DeleteObjects: 0.317700 ms)

========================================================================
Received Import Request.
  Time since last request: 183.173847 seconds.
  path: Assets/Scenes/Tower.unity
  artifactKey: Guid(6eac35875e6267a4ead36a9f6dbd71be) Importer(815301076,1909f56bfc062723c751e8b465ee728b)
Start importing Assets/Scenes/Tower.unity using Guid(6eac35875e6267a4ead36a9f6dbd71be) Importer(815301076,1909f56bfc062723c751e8b465ee728b)  -> (artifact id: '1173c3cc14b2e2f7d467631a6dff0500') in 0.026209 seconds
  Import took 0.038973 seconds .

========================================================================
Received Prepare
Registering precompiled user dll's ...
Registered in 0.002302 seconds.
Begin MonoManager ReloadAssembly
Native extension for WindowsStandalone target not found
Refreshing native plugins compatible for Editor in 1.24 ms, found 1 plugins.
Preloading 0 native plugins for Editor in 0.00 ms.
Mono: successfully reloaded assembly
- Completed reload, in  3.199 seconds
Platform modules already initialized, skipping
Refreshing native plugins compatible for Editor in 1.31 ms, found 1 plugins.
Preloading 0 native plugins for Editor in 0.00 ms.
Unloading 1846 Unused Serialized files (Serialized files now loaded: 0)
System memory in use before: 92.0 MB.
System memory in use after: 91.9 MB.

Unloading 11 unused Assets to reduce memory usage. Loaded Objects now: 2328.
Total: 4.277000 ms (FindLiveObjects: 0.317300 ms CreateObjectMapping: 0.129800 ms MarkObjects: 3.603200 ms  DeleteObjects: 0.223300 ms)

========================================================================
Received Prepare
Registering precompiled user dll's ...
Registered in 0.004862 seconds.
Begin MonoManager ReloadAssembly
Native extension for WindowsStandalone target not found
Refreshing native plugins compatible for Editor in 1.76 ms, found 1 plugins.
Preloading 0 native plugins for Editor in 0.00 ms.
Mono: successfully reloaded assembly
- Completed reload, in  3.467 seconds
Platform modules already initialized, skipping
Refreshing native plugins compatible for Editor in 1.38 ms, found 1 plugins.
Preloading 0 native plugins for Editor in 0.00 ms.
Unloading 1846 Unused Serialized files (Serialized files now loaded: 0)
System memory in use before: 92.0 MB.
System memory in use after: 91.9 MB.

Unloading 11 unused Assets to reduce memory usage. Loaded Objects now: 2331.
Total: 4.624400 ms (FindLiveObjects: 0.714600 ms CreateObjectMapping: 0.133300 ms MarkObjects: 3.553700 ms  DeleteObjects: 0.219300 ms)

========================================================================
Received Import Request.
  Time since last request: 87.810989 seconds.
  path: Assets/Scenes/Tower.unity
  artifactKey: Guid(6eac35875e6267a4ead36a9f6dbd71be) Importer(815301076,1909f56bfc062723c751e8b465ee728b)
Start importing Assets/Scenes/Tower.unity using Guid(6eac35875e6267a4ead36a9f6dbd71be) Importer(815301076,1909f56bfc062723c751e8b465ee728b)  -> (artifact id: '80b8ca4071b55d5e4ae8bb7fd10215e4') in 0.022630 seconds
  Import took 0.035059 seconds .

========================================================================
Received Prepare
Registering precompiled user dll's ...
Registered in 0.002204 seconds.
Begin MonoManager ReloadAssembly
Native extension for WindowsStandalone target not found
Refreshing native plugins compatible for Editor in 1.46 ms, found 1 plugins.
Preloading 0 native plugins for Editor in 0.00 ms.
Mono: successfully reloaded assembly
- Completed reload, in  3.154 seconds
Platform modules already initialized, skipping
Refreshing native plugins compatible for Editor in 2.17 ms, found 1 plugins.
Preloading 0 native plugins for Editor in 0.00 ms.
Unloading 1846 Unused Serialized files (Serialized files now loaded: 0)
System memory in use before: 92.0 MB.
System memory in use after: 91.9 MB.

Unloading 11 unused Assets to reduce memory usage. Loaded Objects now: 2334.
Total: 5.760500 ms (FindLiveObjects: 0.614800 ms CreateObjectMapping: 0.314100 ms MarkObjects: 4.520000 ms  DeleteObjects: 0.308900 ms)

========================================================================
Received Import Request.
  Time since last request: 72.596072 seconds.
  path: Assets/Scenes/Tower.unity
  artifactKey: Guid(6eac35875e6267a4ead36a9f6dbd71be) Importer(815301076,1909f56bfc062723c751e8b465ee728b)
Start importing Assets/Scenes/Tower.unity using Guid(6eac35875e6267a4ead36a9f6dbd71be) Importer(815301076,1909f56bfc062723c751e8b465ee728b)  -> (artifact id: '31f8b34df9d35056336b6af1eed7513b') in 0.027236 seconds
  Import took 0.042185 seconds .

========================================================================
Received Prepare
Registering precompiled user dll's ...
Registered in 0.004640 seconds.
Begin MonoManager ReloadAssembly
Native extension for WindowsStandalone target not found
Refreshing native plugins compatible for Editor in 1.27 ms, found 1 plugins.
Preloading 0 native plugins for Editor in 0.00 ms.
Mono: successfully reloaded assembly
- Completed reload, in  3.443 seconds
Platform modules already initialized, skipping
Refreshing native plugins compatible for Editor in 1.64 ms, found 1 plugins.
Preloading 0 native plugins for Editor in 0.00 ms.
Unloading 1846 Unused Serialized files (Serialized files now loaded: 0)
System memory in use before: 92.0 MB.
System memory in use after: 92.0 MB.

Unloading 11 unused Assets to reduce memory usage. Loaded Objects now: 2337.
Total: 5.971500 ms (FindLiveObjects: 0.398900 ms CreateObjectMapping: 0.226100 ms MarkObjects: 5.019800 ms  DeleteObjects: 0.322600 ms)

========================================================================
Received Prepare
Registering precompiled user dll's ...
Registered in 0.003424 seconds.
Begin MonoManager ReloadAssembly
Native extension for WindowsStandalone target not found
Refreshing native plugins compatible for Editor in 2.10 ms, found 1 plugins.
Preloading 0 native plugins for Editor in 0.00 ms.
Mono: successfully reloaded assembly
- Completed reload, in  2.794 seconds
Platform modules already initialized, skipping
Refreshing native plugins compatible for Editor in 1.29 ms, found 1 plugins.
Preloading 0 native plugins for Editor in 0.00 ms.
Unloading 1846 Unused Serialized files (Serialized files now loaded: 0)
System memory in use before: 92.0 MB.
System memory in use after: 92.0 MB.

Unloading 11 unused Assets to reduce memory usage. Loaded Objects now: 2340.
Total: 4.082200 ms (FindLiveObjects: 0.505800 ms CreateObjectMapping: 0.152900 ms MarkObjects: 3.184700 ms  DeleteObjects: 0.235500 ms)

========================================================================
Received Import Request.
  Time since last request: 447.944245 seconds.
  path: Assets/Resources/Prefab/Player.prefab
  artifactKey: Guid(8d44f4177f77a8e4c81618f3647d7995) Importer(815301076,1909f56bfc062723c751e8b465ee728b)
Start importing Assets/Resources/Prefab/Player.prefab using Guid(8d44f4177f77a8e4c81618f3647d7995) Importer(815301076,1909f56bfc062723c751e8b465ee728b)  -> (artifact id: '4d935e9b2f80c6e83bf35f5ff12fe4e3') in 0.220713 seconds
  Import took 0.236383 seconds .

========================================================================
Received Import Request.
  Time since last request: 13.002066 seconds.
  path: Assets/Resources/Sprites/beforesave.png
  artifactKey: Guid(3bfe52a94868e314eb0868614a06de45) Importer(815301076,1909f56bfc062723c751e8b465ee728b)
Start importing Assets/Resources/Sprites/beforesave.png using Guid(3bfe52a94868e314eb0868614a06de45) Importer(815301076,1909f56bfc062723c751e8b465ee728b)  -> (artifact id: 'f7230dd63732f9822f2766db3a2db7a8') in 0.108279 seconds
  Import took 0.118361 seconds .

========================================================================
Received Import Request.
  Time since last request: 69.676669 seconds.
  path: Assets/Resources/Sprites/aftersave.png
  artifactKey: Guid(7839735899c245c41a5977551800b923) Importer(815301076,1909f56bfc062723c751e8b465ee728b)
Start importing Assets/Resources/Sprites/aftersave.png using Guid(7839735899c245c41a5977551800b923) Importer(815301076,1909f56bfc062723c751e8b465ee728b)  -> (artifact id: '19b8b8df14c06397f69066d02be8f1f3') in 0.068843 seconds
  Import took 0.084193 seconds .

========================================================================
Received Import Request.
  Time since last request: 0.021104 seconds.
  path: Assets/Resources/Sprites/aftersave.png
  artifactKey: Guid(7839735899c245c41a5977551800b923) Importer(815301076,1909f56bfc062723c751e8b465ee728b)
Start importing Assets/Resources/Sprites/aftersave.png using Guid(7839735899c245c41a5977551800b923) Importer(815301076,1909f56bfc062723c751e8b465ee728b)  -> (artifact id: '19b8b8df14c06397f69066d02be8f1f3') in 0.040709 seconds
  Import took 0.054434 seconds .

========================================================================
Received Import Request.
  Time since last request: 12.761285 seconds.
  path: Assets/Resources/Sprites/aftersave.png
  artifactKey: Guid(7839735899c245c41a5977551800b923) Importer(815301076,1909f56bfc062723c751e8b465ee728b)
Start importing Assets/Resources/Sprites/aftersave.png using Guid(7839735899c245c41a5977551800b923) Importer(815301076,1909f56bfc062723c751e8b465ee728b)  -> (artifact id: 'c58f3dcf2ce5df48a7e482ffa070da35') in 0.024494 seconds
  Import took 0.036576 seconds .

========================================================================
Received Import Request.
  Time since last request: 0.012032 seconds.
  path: Assets/Resources/Sprites/aftersave.png
  artifactKey: Guid(7839735899c245c41a5977551800b923) Importer(815301076,1909f56bfc062723c751e8b465ee728b)
Start importing Assets/Resources/Sprites/aftersave.png using Guid(7839735899c245c41a5977551800b923) Importer(815301076,1909f56bfc062723c751e8b465ee728b)  -> (artifact id: 'c58f3dcf2ce5df48a7e482ffa070da35') in 0.019377 seconds
  Import took 0.027628 seconds .

========================================================================
Received Import Request.
  Time since last request: 8.132134 seconds.
  path: Assets/Resources/Sprites/beforesave.png
  artifactKey: Guid(3bfe52a94868e314eb0868614a06de45) Importer(815301076,1909f56bfc062723c751e8b465ee728b)
Start importing Assets/Resources/Sprites/beforesave.png using Guid(3bfe52a94868e314eb0868614a06de45) Importer(815301076,1909f56bfc062723c751e8b465ee728b)  -> (artifact id: 'c5708d2019d585a6bb849c082962a99f') in 0.020374 seconds
  Import took 0.038063 seconds .

========================================================================
Received Import Request.
  Time since last request: 0.019168 seconds.
  path: Assets/Resources/Sprites/beforesave.png
  artifactKey: Guid(3bfe52a94868e314eb0868614a06de45) Importer(815301076,1909f56bfc062723c751e8b465ee728b)
Start importing Assets/Resources/Sprites/beforesave.png using Guid(3bfe52a94868e314eb0868614a06de45) Importer(815301076,1909f56bfc062723c751e8b465ee728b)  -> (artifact id: 'c5708d2019d585a6bb849c082962a99f') in 0.026408 seconds
  Import took 0.038367 seconds .

========================================================================
Received Prepare
Registering precompiled user dll's ...
Registered in 0.002964 seconds.
Begin MonoManager ReloadAssembly
Native extension for WindowsStandalone target not found
Refreshing native plugins compatible for Editor in 1.25 ms, found 1 plugins.
Preloading 0 native plugins for Editor in 0.00 ms.
Mono: successfully reloaded assembly
- Completed reload, in  2.395 seconds
Platform modules already initialized, skipping
Refreshing native plugins compatible for Editor in 1.56 ms, found 1 plugins.
Preloading 0 native plugins for Editor in 0.00 ms.
Unloading 1846 Unused Serialized files (Serialized files now loaded: 0)
System memory in use before: 92.0 MB.
System memory in use after: 92.0 MB.

Unloading 11 unused Assets to reduce memory usage. Loaded Objects now: 2347.
Total: 4.698300 ms (FindLiveObjects: 0.356600 ms CreateObjectMapping: 0.238700 ms MarkObjects: 3.880900 ms  DeleteObjects: 0.219700 ms)

========================================================================
Received Prepare
Registering precompiled user dll's ...
Registered in 0.003993 seconds.
Begin MonoManager ReloadAssembly
Native extension for WindowsStandalone target not found
Refreshing native plugins compatible for Editor in 1.59 ms, found 1 plugins.
Preloading 0 native plugins for Editor in 0.00 ms.
Mono: successfully reloaded assembly
- Completed reload, in  3.687 seconds
Platform modules already initialized, skipping
Refreshing native plugins compatible for Editor in 1.55 ms, found 1 plugins.
Preloading 0 native plugins for Editor in 0.00 ms.
Unloading 1846 Unused Serialized files (Serialized files now loaded: 0)
System memory in use before: 92.1 MB.
System memory in use after: 92.0 MB.

Unloading 11 unused Assets to reduce memory usage. Loaded Objects now: 2350.
Total: 5.179600 ms (FindLiveObjects: 0.280400 ms CreateObjectMapping: 0.098100 ms MarkObjects: 4.439900 ms  DeleteObjects: 0.358600 ms)

========================================================================
Received Prepare
Registering precompiled user dll's ...
Registered in 0.004057 seconds.
Begin MonoManager ReloadAssembly
Native extension for WindowsStandalone target not found
Refreshing native plugins compatible for Editor in 1.48 ms, found 1 plugins.
Preloading 0 native plugins for Editor in 0.00 ms.
Mono: successfully reloaded assembly
- Completed reload, in  2.586 seconds
Platform modules already initialized, skipping
Refreshing native plugins compatible for Editor in 1.78 ms, found 1 plugins.
Preloading 0 native plugins for Editor in 0.00 ms.
Unloading 1846 Unused Serialized files (Serialized files now loaded: 0)
System memory in use before: 92.1 MB.
System memory in use after: 92.0 MB.

Unloading 11 unused Assets to reduce memory usage. Loaded Objects now: 2353.
Total: 7.569700 ms (FindLiveObjects: 0.567300 ms CreateObjectMapping: 0.256200 ms MarkObjects: 6.381800 ms  DeleteObjects: 0.360900 ms)

========================================================================
Received Import Request.
  Time since last request: 1001.206050 seconds.
  path: Assets/Resources/Sprites/aftersave.jpg
  artifactKey: Guid(1274bd72d8eaf2c46a40c79fa0a89c8f) Importer(815301076,1909f56bfc062723c751e8b465ee728b)
Start importing Assets/Resources/Sprites/aftersave.jpg using Guid(1274bd72d8eaf2c46a40c79fa0a89c8f) Importer(815301076,1909f56bfc062723c751e8b465ee728b)  -> (artifact id: 'edfae6a2ff5b52e1299078c0b031347f') in 0.160123 seconds
  Import took 0.188842 seconds .

========================================================================
Received Import Request.
  Time since last request: 0.000481 seconds.
  path: Assets/Resources/Sprites/beforesave.jpg
  artifactKey: Guid(37d5650919a93b842930e0b0d1366797) Importer(815301076,1909f56bfc062723c751e8b465ee728b)
Start importing Assets/Resources/Sprites/beforesave.jpg using Guid(37d5650919a93b842930e0b0d1366797) Importer(815301076,1909f56bfc062723c751e8b465ee728b)  -> (artifact id: 'dd63f14f69e360fcd709c29dfd444fef') in 0.023781 seconds
  Import took 0.035783 seconds .

========================================================================
Received Import Request.
  Time since last request: 6.299051 seconds.
  path: Assets/Resources/Sprites/beforesave.jpg
  artifactKey: Guid(37d5650919a93b842930e0b0d1366797) Importer(815301076,1909f56bfc062723c751e8b465ee728b)
Start importing Assets/Resources/Sprites/beforesave.jpg using Guid(37d5650919a93b842930e0b0d1366797) Importer(815301076,1909f56bfc062723c751e8b465ee728b)  -> (artifact id: '542b3ff732a0da0c1a78e22a3a7f82c5') in 0.028653 seconds
  Import took 0.042789 seconds .

========================================================================
Received Import Request.
  Time since last request: 4.346188 seconds.
  path: Assets/Resources/Sprites/aftersave.jpg
  artifactKey: Guid(1274bd72d8eaf2c46a40c79fa0a89c8f) Importer(815301076,1909f56bfc062723c751e8b465ee728b)
Start importing Assets/Resources/Sprites/aftersave.jpg using Guid(1274bd72d8eaf2c46a40c79fa0a89c8f) Importer(815301076,1909f56bfc062723c751e8b465ee728b)  -> (artifact id: '65e1853aa14e195581512b834182d1d2') in 0.027774 seconds
  Import took 0.037981 seconds .

========================================================================
Received Prepare
Registering precompiled user dll's ...
Registered in 0.008955 seconds.
Begin MonoManager ReloadAssembly
Native extension for WindowsStandalone target not found
Refreshing native plugins compatible for Editor in 2.90 ms, found 1 plugins.
Preloading 0 native plugins for Editor in 0.00 ms.
Mono: successfully reloaded assembly
- Completed reload, in  3.691 seconds
Platform modules already initialized, skipping
Refreshing native plugins compatible for Editor in 1.70 ms, found 1 plugins.
Preloading 0 native plugins for Editor in 0.00 ms.
Unloading 1846 Unused Serialized files (Serialized files now loaded: 0)
System memory in use before: 92.1 MB.
System memory in use after: 92.1 MB.

Unloading 11 unused Assets to reduce memory usage. Loaded Objects now: 2357.
Total: 5.107800 ms (FindLiveObjects: 0.278200 ms CreateObjectMapping: 0.112100 ms MarkObjects: 4.532800 ms  DeleteObjects: 0.182700 ms)

========================================================================
Received Prepare
Registering precompiled user dll's ...
Registered in 0.002643 seconds.
Begin MonoManager ReloadAssembly
Native extension for WindowsStandalone target not found
Refreshing native plugins compatible for Editor in 2.90 ms, found 1 plugins.
Preloading 0 native plugins for Editor in 0.00 ms.
Mono: successfully reloaded assembly
- Completed reload, in  2.217 seconds
Platform modules already initialized, skipping
Refreshing native plugins compatible for Editor in 2.11 ms, found 1 plugins.
Preloading 0 native plugins for Editor in 0.00 ms.
Unloading 1846 Unused Serialized files (Serialized files now loaded: 0)
System memory in use before: 92.1 MB.
System memory in use after: 92.1 MB.

Unloading 11 unused Assets to reduce memory usage. Loaded Objects now: 2360.
Total: 10.862500 ms (FindLiveObjects: 0.788500 ms CreateObjectMapping: 0.344500 ms MarkObjects: 9.175100 ms  DeleteObjects: 0.550600 ms)

========================================================================
Received Prepare
Registering precompiled user dll's ...
Registered in 0.003603 seconds.
Begin MonoManager ReloadAssembly
Native extension for WindowsStandalone target not found
Refreshing native plugins compatible for Editor in 1.40 ms, found 1 plugins.
Preloading 0 native plugins for Editor in 0.00 ms.
Mono: successfully reloaded assembly
- Completed reload, in  2.784 seconds
Platform modules already initialized, skipping
Refreshing native plugins compatible for Editor in 1.56 ms, found 1 plugins.
Preloading 0 native plugins for Editor in 0.00 ms.
Unloading 1846 Unused Serialized files (Serialized files now loaded: 0)
System memory in use before: 92.1 MB.
System memory in use after: 92.1 MB.

Unloading 11 unused Assets to reduce memory usage. Loaded Objects now: 2363.
Total: 4.656200 ms (FindLiveObjects: 0.480700 ms CreateObjectMapping: 0.172500 ms MarkObjects: 3.779200 ms  DeleteObjects: 0.220900 ms)

========================================================================
Received Import Request.
  Time since last request: 126.496931 seconds.
  path: Assets/Scenes/Tower.unity
  artifactKey: Guid(6eac35875e6267a4ead36a9f6dbd71be) Importer(815301076,1909f56bfc062723c751e8b465ee728b)
Start importing Assets/Scenes/Tower.unity using Guid(6eac35875e6267a4ead36a9f6dbd71be) Importer(815301076,1909f56bfc062723c751e8b465ee728b)  -> (artifact id: '7a188832cc6786b5bbde9031bc91594f') in 0.028431 seconds
  Import took 0.043550 seconds .

========================================================================
Received Prepare
Registering precompiled user dll's ...
Registered in 0.004710 seconds.
Begin MonoManager ReloadAssembly
Native extension for WindowsStandalone target not found
Refreshing native plugins compatible for Editor in 0.98 ms, found 1 plugins.
Preloading 0 native plugins for Editor in 0.00 ms.
Mono: successfully reloaded assembly
- Completed reload, in  2.692 seconds
Platform modules already initialized, skipping
Refreshing native plugins compatible for Editor in 1.00 ms, found 1 plugins.
Preloading 0 native plugins for Editor in 0.00 ms.
Unloading 1846 Unused Serialized files (Serialized files now loaded: 0)
System memory in use before: 92.1 MB.
System memory in use after: 92.1 MB.

Unloading 11 unused Assets to reduce memory usage. Loaded Objects now: 2366.
Total: 3.592800 ms (FindLiveObjects: 0.430200 ms CreateObjectMapping: 0.181100 ms MarkObjects: 2.800400 ms  DeleteObjects: 0.179400 ms)

========================================================================
Received Prepare
Registering precompiled user dll's ...
Registered in 0.002851 seconds.
Begin MonoManager ReloadAssembly
Native extension for WindowsStandalone target not found
Refreshing native plugins compatible for Editor in 1.41 ms, found 1 plugins.
Preloading 0 native plugins for Editor in 0.00 ms.
Mono: successfully reloaded assembly
- Completed reload, in  2.530 seconds
Platform modules already initialized, skipping
Refreshing native plugins compatible for Editor in 1.93 ms, found 1 plugins.
Preloading 0 native plugins for Editor in 0.00 ms.
Unloading 1846 Unused Serialized files (Serialized files now loaded: 0)
System memory in use before: 92.1 MB.
System memory in use after: 92.1 MB.

Unloading 11 unused Assets to reduce memory usage. Loaded Objects now: 2369.
Total: 4.839300 ms (FindLiveObjects: 0.327900 ms CreateObjectMapping: 0.148500 ms MarkObjects: 4.115000 ms  DeleteObjects: 0.245700 ms)

========================================================================
Received Import Request.
  Time since last request: 165.865452 seconds.
  path: Assets/Scenes/Tower.unity
  artifactKey: Guid(6eac35875e6267a4ead36a9f6dbd71be) Importer(815301076,1909f56bfc062723c751e8b465ee728b)
Start importing Assets/Scenes/Tower.unity using Guid(6eac35875e6267a4ead36a9f6dbd71be) Importer(815301076,1909f56bfc062723c751e8b465ee728b)  -> (artifact id: '78a267b7feff1aab48f6f5c97cfc15b1') in 0.028873 seconds
  Import took 0.043858 seconds .

========================================================================
Received Prepare
Registering precompiled user dll's ...
Registered in 0.002210 seconds.
Begin MonoManager ReloadAssembly
Native extension for WindowsStandalone target not found
Refreshing native plugins compatible for Editor in 1.46 ms, found 1 plugins.
Preloading 0 native plugins for Editor in 0.00 ms.
Mono: successfully reloaded assembly
- Completed reload, in  2.376 seconds
Platform modules already initialized, skipping
Refreshing native plugins compatible for Editor in 2.16 ms, found 1 plugins.
Preloading 0 native plugins for Editor in 0.00 ms.
Unloading 1846 Unused Serialized files (Serialized files now loaded: 0)
System memory in use before: 92.1 MB.
System memory in use after: 92.1 MB.

Unloading 11 unused Assets to reduce memory usage. Loaded Objects now: 2372.
Total: 4.851900 ms (FindLiveObjects: 0.675500 ms CreateObjectMapping: 0.132600 ms MarkObjects: 3.817300 ms  DeleteObjects: 0.223400 ms)

========================================================================
Received Prepare
Registering precompiled user dll's ...
Registered in 0.005116 seconds.
Begin MonoManager ReloadAssembly
Native extension for WindowsStandalone target not found
Refreshing native plugins compatible for Editor in 1.74 ms, found 1 plugins.
Preloading 0 native plugins for Editor in 0.00 ms.
Mono: successfully reloaded assembly
- Completed reload, in  2.812 seconds
Platform modules already initialized, skipping
Refreshing native plugins compatible for Editor in 2.25 ms, found 1 plugins.
Preloading 0 native plugins for Editor in 0.00 ms.
Unloading 1846 Unused Serialized files (Serialized files now loaded: 0)
System memory in use before: 92.1 MB.
System memory in use after: 92.1 MB.

Unloading 11 unused Assets to reduce memory usage. Loaded Objects now: 2375.
Total: 6.857900 ms (FindLiveObjects: 0.605600 ms CreateObjectMapping: 0.354600 ms MarkObjects: 5.697900 ms  DeleteObjects: 0.196900 ms)

========================================================================
Received Prepare
Registering precompiled user dll's ...
Registered in 0.002994 seconds.
Begin MonoManager ReloadAssembly
Native extension for WindowsStandalone target not found
Refreshing native plugins compatible for Editor in 1.94 ms, found 1 plugins.
Preloading 0 native plugins for Editor in 0.00 ms.
Mono: successfully reloaded assembly
- Completed reload, in  4.097 seconds
Platform modules already initialized, skipping
Refreshing native plugins compatible for Editor in 3.46 ms, found 1 plugins.
Preloading 0 native plugins for Editor in 0.00 ms.
Unloading 1846 Unused Serialized files (Serialized files now loaded: 0)
System memory in use before: 92.2 MB.
System memory in use after: 92.1 MB.

Unloading 11 unused Assets to reduce memory usage. Loaded Objects now: 2378.
Total: 9.575200 ms (FindLiveObjects: 0.554300 ms CreateObjectMapping: 0.214500 ms MarkObjects: 8.248000 ms  DeleteObjects: 0.554500 ms)

========================================================================
Received Prepare
Registering precompiled user dll's ...
Registered in 0.003024 seconds.
Begin MonoManager ReloadAssembly
Native extension for WindowsStandalone target not found
Refreshing native plugins compatible for Editor in 1.42 ms, found 1 plugins.
Preloading 0 native plugins for Editor in 0.00 ms.
Mono: successfully reloaded assembly
- Completed reload, in  2.329 seconds
Platform modules already initialized, skipping
Refreshing native plugins compatible for Editor in 1.28 ms, found 1 plugins.
Preloading 0 native plugins for Editor in 0.00 ms.
Unloading 1846 Unused Serialized files (Serialized files now loaded: 0)
System memory in use before: 92.2 MB.
System memory in use after: 92.1 MB.

Unloading 11 unused Assets to reduce memory usage. Loaded Objects now: 2381.
Total: 6.802100 ms (FindLiveObjects: 0.531300 ms CreateObjectMapping: 0.235200 ms MarkObjects: 5.268000 ms  DeleteObjects: 0.764100 ms)

========================================================================
Received Prepare
Registering precompiled user dll's ...
Registered in 0.003379 seconds.
Begin MonoManager ReloadAssembly
Native extension for WindowsStandalone target not found
Refreshing native plugins compatible for Editor in 2.16 ms, found 1 plugins.
Preloading 0 native plugins for Editor in 0.00 ms.
Mono: successfully reloaded assembly
- Completed reload, in  2.444 seconds
Platform modules already initialized, skipping
Refreshing native plugins compatible for Editor in 1.31 ms, found 1 plugins.
Preloading 0 native plugins for Editor in 0.00 ms.
Unloading 1846 Unused Serialized files (Serialized files now loaded: 0)
System memory in use before: 92.2 MB.
System memory in use after: 92.1 MB.

Unloading 11 unused Assets to reduce memory usage. Loaded Objects now: 2384.
Total: 7.041100 ms (FindLiveObjects: 0.593100 ms CreateObjectMapping: 0.232200 ms MarkObjects: 5.787000 ms  DeleteObjects: 0.426300 ms)

========================================================================
Received Prepare
Registering precompiled user dll's ...
Registered in 0.003437 seconds.
Begin MonoManager ReloadAssembly
Native extension for WindowsStandalone target not found
Refreshing native plugins compatible for Editor in 1.39 ms, found 1 plugins.
Preloading 0 native plugins for Editor in 0.00 ms.
Mono: successfully reloaded assembly
- Completed reload, in  2.547 seconds
Platform modules already initialized, skipping
Refreshing native plugins compatible for Editor in 1.56 ms, found 1 plugins.
Preloading 0 native plugins for Editor in 0.00 ms.
Unloading 1846 Unused Serialized files (Serialized files now loaded: 0)
System memory in use before: 92.2 MB.
System memory in use after: 92.2 MB.

Unloading 11 unused Assets to reduce memory usage. Loaded Objects now: 2387.
Total: 3.641300 ms (FindLiveObjects: 0.422800 ms CreateObjectMapping: 0.140900 ms MarkObjects: 2.882100 ms  DeleteObjects: 0.193500 ms)

========================================================================
Received Prepare
Registering precompiled user dll's ...
Registered in 0.003748 seconds.
Begin MonoManager ReloadAssembly
Native extension for WindowsStandalone target not found
Refreshing native plugins compatible for Editor in 1.13 ms, found 1 plugins.
Preloading 0 native plugins for Editor in 0.00 ms.
Mono: successfully reloaded assembly
- Completed reload, in  2.339 seconds
Platform modules already initialized, skipping
Refreshing native plugins compatible for Editor in 1.67 ms, found 1 plugins.
Preloading 0 native plugins for Editor in 0.00 ms.
Unloading 1846 Unused Serialized files (Serialized files now loaded: 0)
System memory in use before: 92.2 MB.
System memory in use after: 92.2 MB.

Unloading 11 unused Assets to reduce memory usage. Loaded Objects now: 2390.
Total: 6.787900 ms (FindLiveObjects: 0.548500 ms CreateObjectMapping: 0.270700 ms MarkObjects: 5.606500 ms  DeleteObjects: 0.358600 ms)

========================================================================
Received Prepare
Registering precompiled user dll's ...
Registered in 0.003010 seconds.
Begin MonoManager ReloadAssembly
Native extension for WindowsStandalone target not found
Refreshing native plugins compatible for Editor in 1.92 ms, found 1 plugins.
Preloading 0 native plugins for Editor in 0.00 ms.
Mono: successfully reloaded assembly
- Completed reload, in  3.838 seconds
Platform modules already initialized, skipping
Refreshing native plugins compatible for Editor in 1.94 ms, found 1 plugins.
Preloading 0 native plugins for Editor in 0.00 ms.
Unloading 1846 Unused Serialized files (Serialized files now loaded: 0)
System memory in use before: 92.2 MB.
System memory in use after: 92.2 MB.

Unloading 11 unused Assets to reduce memory usage. Loaded Objects now: 2393.
Total: 6.732500 ms (FindLiveObjects: 0.474000 ms CreateObjectMapping: 0.273800 ms MarkObjects: 5.612600 ms  DeleteObjects: 0.369000 ms)

========================================================================
Received Prepare
Registering precompiled user dll's ...
Registered in 0.001611 seconds.
Begin MonoManager ReloadAssembly
Native extension for WindowsStandalone target not found
Refreshing native plugins compatible for Editor in 0.83 ms, found 1 plugins.
Preloading 0 native plugins for Editor in 0.00 ms.
Mono: successfully reloaded assembly
- Completed reload, in  1.189 seconds
Platform modules already initialized, skipping
Refreshing native plugins compatible for Editor in 0.86 ms, found 1 plugins.
Preloading 0 native plugins for Editor in 0.00 ms.
Unloading 1846 Unused Serialized files (Serialized files now loaded: 0)
System memory in use before: 92.2 MB.
System memory in use after: 92.2 MB.

Unloading 11 unused Assets to reduce memory usage. Loaded Objects now: 2396.
Total: 3.880300 ms (FindLiveObjects: 0.523300 ms CreateObjectMapping: 0.198300 ms MarkObjects: 2.990400 ms  DeleteObjects: 0.165900 ms)

========================================================================
Received Import Request.
  Time since last request: 1278.230647 seconds.
  path: Assets/Resources/Audio/SE/coin03.mp3
  artifactKey: Guid(5fb756c4bec4218489275b1f4dc0acb5) Importer(815301076,1909f56bfc062723c751e8b465ee728b)
Start importing Assets/Resources/Audio/SE/coin03.mp3 using Guid(5fb756c4bec4218489275b1f4dc0acb5) Importer(815301076,1909f56bfc062723c751e8b465ee728b)  -> (artifact id: 'c28804707cebeda2b9e12a5d45eb3e01') in 0.070008 seconds
  Import took 0.078699 seconds .

========================================================================
Received Import Request.
  Time since last request: 14.462561 seconds.
  path: Assets/Resources/Audio/SE/Save.mp3
  artifactKey: Guid(5fb756c4bec4218489275b1f4dc0acb5) Importer(815301076,1909f56bfc062723c751e8b465ee728b)
Start importing Assets/Resources/Audio/SE/Save.mp3 using Guid(5fb756c4bec4218489275b1f4dc0acb5) Importer(815301076,1909f56bfc062723c751e8b465ee728b)  -> (artifact id: '2c49b884c325478dda874f9b5af80803') in 0.030503 seconds
  Import took 0.037192 seconds .

========================================================================
Received Import Request.
  Time since last request: 10.621374 seconds.
  path: Assets/Resources/Audio/SE/Save.mp3
  artifactKey: Guid(5fb756c4bec4218489275b1f4dc0acb5) Importer(815301076,1909f56bfc062723c751e8b465ee728b)
Start importing Assets/Resources/Audio/SE/Save.mp3 using Guid(5fb756c4bec4218489275b1f4dc0acb5) Importer(815301076,1909f56bfc062723c751e8b465ee728b)  -> (artifact id: '4f64f4afc2fae11b01be0d88cfb78db4') in 0.016371 seconds
  Import took 0.038708 seconds .

========================================================================
Received Import Request.
  Time since last request: 0.004547 seconds.
  path: Assets/Resources/Audio/SE/Save.mp3
  artifactKey: Guid(5fb756c4bec4218489275b1f4dc0acb5) Importer(815301076,1909f56bfc062723c751e8b465ee728b)
Start importing Assets/Resources/Audio/SE/Save.mp3 using Guid(5fb756c4bec4218489275b1f4dc0acb5) Importer(815301076,1909f56bfc062723c751e8b465ee728b)  -> (artifact id: '4f64f4afc2fae11b01be0d88cfb78db4') in 0.015386 seconds
  Import took 0.021482 seconds .

========================================================================
Received Prepare
Registering precompiled user dll's ...
Registered in 0.003020 seconds.
Begin MonoManager ReloadAssembly
Native extension for WindowsStandalone target not found
Refreshing native plugins compatible for Editor in 0.75 ms, found 1 plugins.
Preloading 0 native plugins for Editor in 0.00 ms.
Mono: successfully reloaded assembly
- Completed reload, in  1.004 seconds
Platform modules already initialized, skipping
Refreshing native plugins compatible for Editor in 0.75 ms, found 1 plugins.
Preloading 0 native plugins for Editor in 0.00 ms.
Unloading 1846 Unused Serialized files (Serialized files now loaded: 0)
System memory in use before: 92.2 MB.
System memory in use after: 92.2 MB.

Unloading 11 unused Assets to reduce memory usage. Loaded Objects now: 2400.
Total: 6.771300 ms (FindLiveObjects: 0.471200 ms CreateObjectMapping: 0.250600 ms MarkObjects: 5.698100 ms  DeleteObjects: 0.348000 ms)

========================================================================
Received Prepare
Registering precompiled user dll's ...
Registered in 0.001610 seconds.
Begin MonoManager ReloadAssembly
Native extension for WindowsStandalone target not found
Refreshing native plugins compatible for Editor in 0.93 ms, found 1 plugins.
Preloading 0 native plugins for Editor in 0.00 ms.
Mono: successfully reloaded assembly
- Completed reload, in  1.173 seconds
Platform modules already initialized, skipping
Refreshing native plugins compatible for Editor in 1.09 ms, found 1 plugins.
Preloading 0 native plugins for Editor in 0.00 ms.
Unloading 1846 Unused Serialized files (Serialized files now loaded: 0)
System memory in use before: 92.2 MB.
System memory in use after: 92.2 MB.

Unloading 11 unused Assets to reduce memory usage. Loaded Objects now: 2403.
Total: 3.648400 ms (FindLiveObjects: 0.481400 ms CreateObjectMapping: 0.185100 ms MarkObjects: 2.621100 ms  DeleteObjects: 0.358900 ms)

========================================================================
Received Prepare
Registering precompiled user dll's ...
Registered in 0.002240 seconds.
Begin MonoManager ReloadAssembly
Native extension for WindowsStandalone target not found
Refreshing native plugins compatible for Editor in 1.03 ms, found 1 plugins.
Preloading 0 native plugins for Editor in 0.00 ms.
Mono: successfully reloaded assembly
- Completed reload, in  1.173 seconds
Platform modules already initialized, skipping
Refreshing native plugins compatible for Editor in 0.79 ms, found 1 plugins.
Preloading 0 native plugins for Editor in 0.00 ms.
Unloading 1846 Unused Serialized files (Serialized files now loaded: 0)
System memory in use before: 92.2 MB.
System memory in use after: 92.2 MB.

Unloading 11 unused Assets to reduce memory usage. Loaded Objects now: 2406.
Total: 3.185500 ms (FindLiveObjects: 0.292200 ms CreateObjectMapping: 0.125100 ms MarkObjects: 2.590100 ms  DeleteObjects: 0.176000 ms)

========================================================================
Received Prepare
Registering precompiled user dll's ...
Registered in 0.001989 seconds.
Begin MonoManager ReloadAssembly
Native extension for WindowsStandalone target not found
Refreshing native plugins compatible for Editor in 0.87 ms, found 1 plugins.
Preloading 0 native plugins for Editor in 0.00 ms.
Mono: successfully reloaded assembly
- Completed reload, in  1.218 seconds
Platform modules already initialized, skipping
Refreshing native plugins compatible for Editor in 0.89 ms, found 1 plugins.
Preloading 0 native plugins for Editor in 0.00 ms.
Unloading 1846 Unused Serialized files (Serialized files now loaded: 0)
System memory in use before: 92.2 MB.
System memory in use after: 92.2 MB.

Unloading 11 unused Assets to reduce memory usage. Loaded Objects now: 2409.
Total: 3.190100 ms (FindLiveObjects: 0.288600 ms CreateObjectMapping: 0.116200 ms MarkObjects: 2.583800 ms  DeleteObjects: 0.199300 ms)

========================================================================
Received Import Request.
  Time since last request: 590.337373 seconds.
  path: Assets/Scenes/Tower.unity
  artifactKey: Guid(6eac35875e6267a4ead36a9f6dbd71be) Importer(815301076,1909f56bfc062723c751e8b465ee728b)
Start importing Assets/Scenes/Tower.unity using Guid(6eac35875e6267a4ead36a9f6dbd71be) Importer(815301076,1909f56bfc062723c751e8b465ee728b)  -> (artifact id: '0c71f6c329264f1152f08591e7ede646') in 0.019993 seconds
  Import took 0.028026 seconds .

========================================================================
Received Prepare
Registering precompiled user dll's ...
Registered in 0.001591 seconds.
Begin MonoManager ReloadAssembly
Native extension for WindowsStandalone target not found
Refreshing native plugins compatible for Editor in 1.33 ms, found 1 plugins.
Preloading 0 native plugins for Editor in 0.00 ms.
Mono: successfully reloaded assembly
- Completed reload, in  1.330 seconds
Platform modules already initialized, skipping
Refreshing native plugins compatible for Editor in 1.23 ms, found 1 plugins.
Preloading 0 native plugins for Editor in 0.00 ms.
Unloading 1846 Unused Serialized files (Serialized files now loaded: 0)
System memory in use before: 92.2 MB.
System memory in use after: 92.2 MB.

Unloading 11 unused Assets to reduce memory usage. Loaded Objects now: 2412.
Total: 3.045300 ms (FindLiveObjects: 0.374700 ms CreateObjectMapping: 0.088400 ms MarkObjects: 2.436900 ms  DeleteObjects: 0.144100 ms)

========================================================================
Received Prepare
Registering precompiled user dll's ...
Registered in 0.002767 seconds.
Begin MonoManager ReloadAssembly
Native extension for WindowsStandalone target not found
Refreshing native plugins compatible for Editor in 0.97 ms, found 1 plugins.
Preloading 0 native plugins for Editor in 0.00 ms.
Mono: successfully reloaded assembly
- Completed reload, in  1.206 seconds
Platform modules already initialized, skipping
Refreshing native plugins compatible for Editor in 1.05 ms, found 1 plugins.
Preloading 0 native plugins for Editor in 0.00 ms.
Unloading 1846 Unused Serialized files (Serialized files now loaded: 0)
System memory in use before: 92.3 MB.
System memory in use after: 92.2 MB.

Unloading 11 unused Assets to reduce memory usage. Loaded Objects now: 2415.
Total: 3.159700 ms (FindLiveObjects: 0.269300 ms CreateObjectMapping: 0.119300 ms MarkObjects: 2.588700 ms  DeleteObjects: 0.180500 ms)

========================================================================
Received Prepare
Refreshing native plugins compatible for Editor in 3.72 ms, found 1 plugins.
Preloading 0 native plugins for Editor in 0.00 ms.
Unloading 9 Unused Serialized files (Serialized files now loaded: 0)
System memory in use before: 55.9 MB.
System memory in use after: 55.9 MB.

Unloading 9 unused Assets to reduce memory usage. Loaded Objects now: 2415.
Total: 4.167600 ms (FindLiveObjects: 0.453100 ms CreateObjectMapping: 0.229700 ms MarkObjects: 3.332800 ms  DeleteObjects: 0.149300 ms)

========================================================================
Received Import Request.
  Time since last request: 339.589757 seconds.
  path: Assets/Scenes/Tower.unity
  artifactKey: Guid(6eac35875e6267a4ead36a9f6dbd71be) Importer(815301076,1909f56bfc062723c751e8b465ee728b)
Start importing Assets/Scenes/Tower.unity using Guid(6eac35875e6267a4ead36a9f6dbd71be) Importer(815301076,1909f56bfc062723c751e8b465ee728b)  -> (artifact id: '868ffe6ac499994d1385a54da6d28ef6') in 0.015104 seconds
  Import took 0.030520 seconds .

========================================================================
Received Prepare
Refreshing native plugins compatible for Editor in 2.28 ms, found 1 plugins.
Preloading 0 native plugins for Editor in 0.00 ms.
Unloading 9 Unused Serialized files (Serialized files now loaded: 0)
System memory in use before: 56.0 MB.
System memory in use after: 55.9 MB.

Unloading 9 unused Assets to reduce memory usage. Loaded Objects now: 2415.
Total: 4.512400 ms (FindLiveObjects: 0.677600 ms CreateObjectMapping: 0.264100 ms MarkObjects: 3.398100 ms  DeleteObjects: 0.169800 ms)

AssetImportWorkerClient::OnTransportError - code=2 error=End of file
